[Thu Jan 16 19:29:06 UTC 2025][INFO] [Action] EE NewBook
[Thu Jan 16 19:29:12 UTC 2025][INFO] [Action] E AutoChapterGroupAction - 0
[Thu Jan 16 19:29:17 UTC 2025][INFO] [Action] E ItemChanged - -1,1
[Thu Jan 16 19:29:19 UTC 2025][INFO] [Action] E ItemChanged - -1,3394
[Thu Jan 16 19:29:21 UTC 2025][INFO] [Action] E ApplySemantics - (r,3394,3394),chapter_title
[Thu Jan 16 19:29:23 UTC 2025][INFO] [Action] E ItemChanged - -1,9624
[Thu Jan 16 19:29:27 UTC 2025][INFO] [Action] E ApplySemantics - (r,9624,9624),chapter_title
[Thu Jan 16 19:29:28 UTC 2025][INFO] [Action] E ItemChanged - -1,3394
[Thu Jan 16 19:29:32 UTC 2025][INFO] [Action] E ApplySemantics - (r,3413,3579),first_para
[Thu Jan 16 19:29:36 UTC 2025][INFO] [Action] E ItemChanged - -1,3394
[Thu Jan 16 19:29:37 UTC 2025][INFO] [Action] E ItemChanged - -1,1
[Thu Jan 16 19:29:41 UTC 2025][INFO] [Action] E ApplySemantics - (r,13,337),first_para
[Thu Jan 16 19:29:48 UTC 2025][INFO] [Action] E InsertSeparator - (r,861,863)
[Thu Jan 16 19:29:56 UTC 2025][INFO] [Action] E InsertSeparator - (r,2600,2602)
[Thu Jan 16 19:29:59 UTC 2025][INFO] [Action] E ItemChanged - -1,1
[Thu Jan 16 19:30:01 UTC 2025][INFO] [Action] E ItemChanged - -1,3394
[Thu Jan 16 19:30:07 UTC 2025][INFO] [Action] E InsertSeparator - (r,3920,3922)
[Thu Jan 16 19:30:11 UTC 2025][INFO] [Action] E InsertSeparator - (r,4983,4985)
[Thu Jan 16 19:30:13 UTC 2025][INFO] [Action] E ItemChanged - -1,93214
[Thu Jan 16 19:30:17 UTC 2025][INFO] [Action] E ItemChanged - -1,94288
[Thu Jan 16 19:30:20 UTC 2025][INFO] [Action] E AddTextContainer - (c,94304,1),1,0,0
[Thu Jan 16 19:30:25 UTC 2025][INFO] [Action] E ApplySemantics - (r,94288,94303),chapter_title
[Thu Jan 16 19:30:25 UTC 2025][INFO] [Action] EFail ApplySemantics - 4
[Thu Jan 16 19:30:38 UTC 2025][INFO] [Action] E ApplySemantics - (r,94305,94493),chapter_subtitle
[Thu Jan 16 19:30:41 UTC 2025][INFO] [Action] U ApplySemantics
[Thu Jan 16 19:30:42 UTC 2025][INFO] [Action] E ApplySemantics - (r,94305,94493),first_para
[Thu Jan 16 19:30:46 UTC 2025][INFO] [Action] U ApplySemantics
[Thu Jan 16 19:30:49 UTC 2025][INFO] [Action] E AddTextContainer - (c,94305,1),1,0,0
[Thu Jan 16 19:30:50 UTC 2025][INFO] [Action] E AddTextContainer - (c,94306,1),1,0,0
[Thu Jan 16 19:30:52 UTC 2025][INFO] [Action] E ItemChanged - -1,3394
[Thu Jan 16 19:30:54 UTC 2025][INFO] [Action] E ItemChanged - -1,9624
[Thu Jan 16 19:31:07 UTC 2025][INFO] [Action] E ApplySemantics - (r,9648,10002),first_para
[Thu Jan 16 19:31:09 UTC 2025][INFO] [Action] E ItemChanged - -1,3394
[Thu Jan 16 19:31:13 UTC 2025][INFO] [Action] E ItemChanged - -1,1
[Thu Jan 16 19:31:25 UTC 2025][INFO] [Action] E AddTextContainer - (c,1938,1),1,0,0
[Thu Jan 16 19:31:25 UTC 2025][INFO] [Action] EFail AddTextContainer - 4
[Thu Jan 16 19:31:25 UTC 2025][INFO] [Action] E AddTextContainer - (c,1938,1),1,0,0
[Thu Jan 16 19:31:25 UTC 2025][INFO] [Action] EFail AddTextContainer - 4
[Thu Jan 16 19:32:06 UTC 2025][INFO] [Action] E ItemChanged - -1,3394
[Thu Jan 16 19:32:17 UTC 2025][INFO] [Action] E InsertSeparator - (r,5630,5632)
[Thu Jan 16 19:32:26 UTC 2025][INFO] [Action] E InsertSeparator - (r,7281,7283)
[Thu Jan 16 19:32:29 UTC 2025][INFO] [Action] E InsertSeparator - (r,7909,7911)
[Thu Jan 16 19:32:31 UTC 2025][INFO] [Action] E ItemChanged - -1,3394
[Thu Jan 16 19:32:32 UTC 2025][INFO] [Action] E ItemChanged - -1,9624
[Thu Jan 16 19:32:33 UTC 2025][INFO] [Action] E ItemChanged - -1,15439
[Thu Jan 16 19:32:39 UTC 2025][INFO] [Action] E ApplySemantics - (r,15439,15439),chapter_title
[Thu Jan 16 19:32:45 UTC 2025][INFO] [Action] E ApplySemantics - (r,15460,15740),first_para
[Thu Jan 16 19:32:46 UTC 2025][INFO] [Action] E ItemChanged - -1,21582
[Thu Jan 16 19:32:48 UTC 2025][INFO] [Action] E ApplySemantics - (r,21582,21582),chapter_title
[Thu Jan 16 19:32:54 UTC 2025][INFO] [Action] E ApplySemantics - (r,21599,21921),first_para
[Thu Jan 16 19:32:56 UTC 2025][INFO] [Action] E ItemChanged - -1,1
[Thu Jan 16 19:32:57 UTC 2025][INFO] [Action] E ItemChanged - -1,1
[Thu Jan 16 19:33:01 UTC 2025][INFO] [Action] E ConvertGenericPageAction - 6,0
[Thu Jan 16 19:33:03 UTC 2025][INFO] [Action] E ItemChanged - -1,93214
[Thu Jan 16 19:33:04 UTC 2025][INFO] [Action] E ItemChanged - -1,93214
[Thu Jan 16 19:33:09 UTC 2025][INFO] [Action] E ConvertGenericPageAction - 10,14
[Thu Jan 16 19:33:10 UTC 2025][INFO] [Action] E ItemChanged - -1,93214
[Thu Jan 16 19:33:11 UTC 2025][INFO] [Action] E ItemChanged - -1,93214
[Thu Jan 16 19:34:11 UTC 2025][INFO] [Action] E SaveBook - Save
[Thu Jan 16 19:34:40 UTC 2025][INFO] [Action] E PreviewBook - 93214
[Thu Jan 16 19:35:43 UTC 2025][INFO] [Action] E ItemChanged - -1,28408
[Thu Jan 16 19:35:45 UTC 2025][INFO] [Action] E ApplySemantics - (r,28408,28408),chapter_title
[Thu Jan 16 19:35:46 UTC 2025][INFO] [Action] E ItemChanged - -1,39063
[Thu Jan 16 19:35:47 UTC 2025][INFO] [Action] E ApplySemantics - (r,39063,39063),chapter_title
[Thu Jan 16 19:35:48 UTC 2025][INFO] [Action] E ItemChanged - -1,45587
[Thu Jan 16 19:35:49 UTC 2025][INFO] [Action] E ApplySemantics - (r,45587,45587),chapter_title
[Thu Jan 16 19:35:49 UTC 2025][INFO] [Action] E ItemChanged - -1,51972
[Thu Jan 16 19:35:50 UTC 2025][INFO] [Action] E ApplySemantics - (r,51972,51972),chapter_title
[Thu Jan 16 19:35:51 UTC 2025][INFO] [Action] E ItemChanged - -1,59024
[Thu Jan 16 19:35:52 UTC 2025][INFO] [Action] E ApplySemantics - (r,59024,59024),chapter_title
[Thu Jan 16 19:35:53 UTC 2025][INFO] [Action] E ItemChanged - -1,65786
[Thu Jan 16 19:35:55 UTC 2025][INFO] [Action] E ApplySemantics - (r,65786,65786),chapter_title
[Thu Jan 16 19:35:55 UTC 2025][INFO] [Action] E ItemChanged - -1,72693
[Thu Jan 16 19:35:57 UTC 2025][INFO] [Action] E ApplySemantics - (r,72693,72693),chapter_title
[Thu Jan 16 19:35:58 UTC 2025][INFO] [Action] E ItemChanged - -1,79117
[Thu Jan 16 19:35:59 UTC 2025][INFO] [Action] E ApplySemantics - (r,79117,79117),chapter_title
[Thu Jan 16 19:36:00 UTC 2025][INFO] [Action] E ItemChanged - -1,86592
[Thu Jan 16 19:36:02 UTC 2025][INFO] [Action] E ApplySemantics - (r,86592,86592),chapter_title
[Thu Jan 16 19:36:03 UTC 2025][INFO] [Action] E ItemChanged - -1,1
[Thu Jan 16 19:36:35 UTC 2025][INFO] [Action] E FixedFormAction - MCwwLFBST1AtTElTVDp7ImNvbXBvbmVudHMiOlt7Im5hbWUiOiJib29rX3RpdGxlIiwidHlwZSI6InRleHQiLCJ2YWx1ZSI6IkEgV29ybGQgV2l0aG91dCBFZGdlcyJ9LHsibmFtZSI6ImJvb2tfc3VidGl0bGUiLCJ0eXBlIjoidGV4dCIsInZhbHVlIjoiIn0seyJuYW1lIjoiYXV0aG9yX25hbWUiLCJ0eXBlIjoidGV4dCIsInZhbHVlIjoiTWlsbyBTcGlyaWcifSx7Im5hbWUiOiJwdWJsaXNoZXIiLCJ0eXBlIjoidGV4dCIsInZhbHVlIjoiIn0seyJuYW1lIjoicHVibGlzaGVyX2xvZ28iLCJ0eXBlIjoiaW1hZ2UiLCJ2YWx1ZSI6IiJ9XSwicGFnZV90eXBlIjoidGl0bGVfcGFnZSJ9Cg==
[Thu Jan 16 19:36:49 UTC 2025][INFO] [Action] E ItemChanged - -1,15472
[Thu Jan 16 19:36:50 UTC 2025][INFO] [Action] E ItemChanged - -1,15472
[Thu Jan 16 19:36:57 UTC 2025][INFO] [Action] E ItemChanged - -1,1
[Thu Jan 16 19:37:02 UTC 2025][INFO] [Action] E ItemChanged - -1,1
[Thu Jan 16 19:37:07 UTC 2025][INFO] [Action] E ItemChanged - -1,34
[Thu Jan 16 19:37:11 UTC 2025][INFO] [Action] E PreviewBook - 34
[Thu Jan 16 19:37:37 UTC 2025][INFO] [Action] E ItemChanged - -1,93247
[Thu Jan 16 19:37:38 UTC 2025][INFO] [Action] E ItemChanged - -1,93247
[Thu Jan 16 19:37:45 UTC 2025][INFO] [Action] E ConvertGenericPageAction - 17,15
[Thu Jan 16 19:37:46 UTC 2025][INFO] [Action] E ItemChanged - -1,94321
[Thu Jan 16 19:37:47 UTC 2025][INFO] [Action] E ItemChanged - -1,94321
[Thu Jan 16 19:37:48 UTC 2025][INFO] [Action] E ItemChanged - -1,93247
[Thu Jan 16 19:37:55 UTC 2025][INFO] [Action] E ItemChanged - -1,93247
[Thu Jan 16 19:38:08 UTC 2025][INFO] [Action] E ApplySemantics - (r,93283,93309),other_first_para
[Thu Jan 16 19:38:14 UTC 2025][INFO] [Action] E ItemChanged - -1,94321
[Thu Jan 16 19:38:17 UTC 2025][INFO] [Action] E MergeContainer - 94340,1
[Thu Jan 16 19:38:18 UTC 2025][INFO] [Action] E MergeContainer - 94339,1
[Thu Jan 16 19:38:21 UTC 2025][INFO] [Action] E ApplySemantics - (r,94338,94526),other_first_para
[Thu Jan 16 19:38:23 UTC 2025][INFO] [Action] E ItemChanged - -1,93247
[Thu Jan 16 19:38:25 UTC 2025][INFO] [Action] E ItemChanged - -1,86625
[Thu Jan 16 19:38:27 UTC 2025][INFO] [Action] E ItemChanged - -1,3427
[Thu Jan 16 19:38:28 UTC 2025][INFO] [Action] E ItemChanged - -1,34
[Thu Jan 16 19:38:29 UTC 2025][INFO] [Action] E ItemChanged - -1,1
[Thu Jan 16 19:38:30 UTC 2025][INFO] [Action] E ItemChanged - -1,34
[Thu Jan 16 19:38:37 UTC 2025][INFO] [Action] E InsertTocAction - (1)
[Thu Jan 16 19:43:57 UTC 2025][INFO] [Action] E SaveBook - Save
[Thu Jan 16 19:45:02 UTC 2025][INFO] [Action] E ItemChanged - -1,34
[Thu Jan 16 19:45:02 UTC 2025][INFO] [Action] E ItemChanged - -1,34
[Thu Jan 16 19:45:05 UTC 2025][INFO] [Action] E DeleteContent - (r,34,392),B
[Thu Jan 16 19:45:07 UTC 2025][INFO] [Action] E ItemChanged - -1,1
[Thu Jan 16 19:45:08 UTC 2025][INFO] [Action] E ItemChanged - -1,34
[Thu Jan 16 19:45:19 UTC 2025][INFO] [Action] E InsertTocAction - (1)
[Thu Jan 16 19:45:21 UTC 2025][INFO] [Action] E ItemChanged - -1,1
[Thu Jan 16 19:45:24 UTC 2025][INFO] [Action] E ItemChanged - -1,34
[Thu Jan 16 19:45:28 UTC 2025][INFO] [Action] E ItemChanged - -1,394
[Thu Jan 16 19:45:29 UTC 2025][INFO] [Action] E ItemChanged - -1,3787
[Thu Jan 16 19:46:00 UTC 2025][INFO] [Action] E InsertSeparator - (r,9251,9253)
[Thu Jan 16 19:46:08 UTC 2025][INFO] [Action] E InsertSeparator - (r,11161,11163)
[Thu Jan 16 19:46:13 UTC 2025][INFO] [Action] E InsertSeparator - (r,12616,12618)
[Thu Jan 16 19:46:17 UTC 2025][INFO] [Action] E ItemChanged - -1,15832
[Thu Jan 16 19:46:19 UTC 2025][INFO] [Action] E ItemChanged - -1,10017
[Thu Jan 16 19:46:28 UTC 2025][INFO] [Action] E InsertSeparator - (r,14300,14302)
[Thu Jan 16 19:46:34 UTC 2025][INFO] [Action] E InsertSeparator - (r,15036,15038)
[Thu Jan 16 19:46:44 UTC 2025][INFO] [Action] E InsertSeparator - (r,16387,16389)
[Thu Jan 16 19:46:49 UTC 2025][INFO] [Action] E InsertSeparator - (r,17275,17277)
[Thu Jan 16 19:46:52 UTC 2025][INFO] [Action] E InsertSeparator - (r,17920,17922)
[Thu Jan 16 19:46:56 UTC 2025][INFO] [Action] E InsertSeparator - (r,18743,18745)
[Thu Jan 16 19:47:03 UTC 2025][INFO] [Action] E InsertSeparator - (r,19477,19479)
[Thu Jan 16 19:47:08 UTC 2025][INFO] [Action] E InsertSeparator - (r,21070,21072)
[Thu Jan 16 19:47:11 UTC 2025][INFO] [Action] E ItemChanged - -1,21975
[Thu Jan 16 19:47:13 UTC 2025][INFO] [Action] E ItemChanged - -1,28801
[Thu Jan 16 19:47:17 UTC 2025][INFO] [Action] E ApplySemantics - (r,28826,29162),first_para
[Thu Jan 16 19:47:18 UTC 2025][INFO] [Action] E ItemChanged - -1,39456
[Thu Jan 16 19:47:22 UTC 2025][INFO] [Action] E ApplySemantics - (r,39476,39765),first_para
[Thu Jan 16 19:47:23 UTC 2025][INFO] [Action] E ItemChanged - -1,45980
[Thu Jan 16 19:47:26 UTC 2025][INFO] [Action] E ApplySemantics - (r,46001,46216),first_para
[Thu Jan 16 19:47:28 UTC 2025][INFO] [Action] E ItemChanged - -1,52365
[Thu Jan 16 19:47:33 UTC 2025][INFO] [Action] E ApplySemantics - (r,52389,52672),first_para
[Thu Jan 16 19:47:36 UTC 2025][INFO] [Action] E InsertSeparator - (r,52876,52878)
[Thu Jan 16 19:47:37 UTC 2025][INFO] [Action] E ItemChanged - -1,59417
[Thu Jan 16 19:47:42 UTC 2025][INFO] [Action] E ApplySemantics - (r,59440,59779),first_para
[Thu Jan 16 19:47:44 UTC 2025][INFO] [Action] E ItemChanged - -1,66179
[Thu Jan 16 19:47:47 UTC 2025][INFO] [Action] E ApplySemantics - (r,66200,66611),first_para
[Thu Jan 16 19:47:48 UTC 2025][INFO] [Action] E ItemChanged - -1,73086
[Thu Jan 16 19:47:54 UTC 2025][INFO] [Action] E ApplySemantics - (r,73107,73178),first_para
[Thu Jan 16 19:47:59 UTC 2025][INFO] [Action] E ItemChanged - -1,79510
[Thu Jan 16 19:48:02 UTC 2025][INFO] [Action] E ApplySemantics - (r,79536,79888),first_para
[Thu Jan 16 19:48:04 UTC 2025][INFO] [Action] E ItemChanged - -1,86985
[Thu Jan 16 19:48:09 UTC 2025][INFO] [Action] E ApplySemantics - (r,87000,87375),first_para
[Thu Jan 16 19:48:12 UTC 2025][INFO] [Action] E InsertSeparator - (r,87682,87684)
[Thu Jan 16 19:48:14 UTC 2025][INFO] [Action] E ItemChanged - -1,93607
[Thu Jan 16 19:48:18 UTC 2025][INFO] [Action] E ItemChanged - -1,94681
[Thu Jan 16 19:48:31 UTC 2025][INFO] [Action] E ItemChanged - -1,1
[Thu Jan 16 19:48:34 UTC 2025][INFO] [Action] E SaveBook - Save
[Thu Jan 16 19:48:44 UTC 2025][INFO] [Action] E ItemChanged - -1,3787
[Thu Jan 16 19:49:15 UTC 2025][INFO] [Action] E SaveBook - Save
[Thu Jan 16 19:49:18 UTC 2025][INFO] [Action] E PreviewBook - 3787
[Thu Jan 16 19:50:19 UTC 2025][INFO] [Action] E ItemChanged - -1,394
[Thu Jan 16 19:50:25 UTC 2025][INFO] [Action] E ApplySemantics - (r,406,730),other_first_para
[Thu Jan 16 19:50:25 UTC 2025][INFO] [Action] EFail ApplySemantics - 4
[Thu Jan 16 19:50:34 UTC 2025][INFO] [Action] E ItemChanged - -1,10017
[Thu Jan 16 19:50:49 UTC 2025][INFO] [Action] E InsertSeparator - (r,20207,20209)
[Thu Jan 16 19:50:56 UTC 2025][INFO] [Action] E InsertSeparator - (r,23067,23069)
[Thu Jan 16 19:50:59 UTC 2025][INFO] [Action] E InsertSeparator - (r,23745,23747)
[Thu Jan 16 19:51:05 UTC 2025][INFO] [Action] E InsertSeparator - (r,24620,24622)
[Thu Jan 16 19:51:08 UTC 2025][INFO] [Action] E InsertSeparator - (r,25341,25343)
[Thu Jan 16 19:51:17 UTC 2025][INFO] [Action] E InsertSeparator - (r,26183,26185)
[Thu Jan 16 19:51:22 UTC 2025][INFO] [Action] E InsertSeparator - (r,26829,26831)
[Thu Jan 16 19:51:28 UTC 2025][INFO] [Action] E InsertSeparator - (r,27714,27716)
[Thu Jan 16 19:51:32 UTC 2025][INFO] [Action] E InsertSeparator - (r,28571,28573)
[Thu Jan 16 19:51:48 UTC 2025][INFO] [Action] E InsertSeparator - (r,31263,31265)
[Thu Jan 16 19:51:56 UTC 2025][INFO] [Action] E InsertSeparator - (r,32786,32788)
[Thu Jan 16 19:52:02 UTC 2025][INFO] [Action] E InsertSeparator - (r,33858,33860)
[Thu Jan 16 19:52:09 UTC 2025][INFO] [Action] E InsertSeparator - (r,34886,34888)
[Thu Jan 16 19:52:14 UTC 2025][INFO] [Action] E InsertSeparator - (r,35312,35314)
[Thu Jan 16 19:52:51 UTC 2025][INFO] [Action] E InsertSeparator - (r,36340,36342)
[Thu Jan 16 19:53:00 UTC 2025][INFO] [Action] E InsertSeparator - (r,37351,37353)
[Thu Jan 16 19:53:05 UTC 2025][INFO] [Action] E InsertSeparator - (r,38032,38034)
[Thu Jan 16 19:53:10 UTC 2025][INFO] [Action] E InsertSeparator - (r,39195,39197)
[Thu Jan 16 19:53:17 UTC 2025][INFO] [Action] E InsertSeparator - (r,40136,40138)
[Thu Jan 16 19:53:22 UTC 2025][INFO] [Action] E InsertSeparator - (r,41085,41087)
[Thu Jan 16 19:53:26 UTC 2025][INFO] [Action] E InsertSeparator - (r,41743,41745)
[Thu Jan 16 19:53:31 UTC 2025][INFO] [Action] E InsertSeparator - (r,42531,42533)
[Thu Jan 16 19:53:46 UTC 2025][INFO] [Action] E InsertSeparator - (r,43352,43354)
[Thu Jan 16 19:53:49 UTC 2025][INFO] [Action] E InsertSeparator - (r,44220,44222)
[Thu Jan 16 19:53:54 UTC 2025][INFO] [Action] E InsertSeparator - (r,44965,44967)
[Thu Jan 16 19:54:09 UTC 2025][INFO] [Action] E InsertSeparator - (r,46993,46995)
[Thu Jan 16 19:54:12 UTC 2025][INFO] [Action] E InsertSeparator - (r,48224,48226)
[Thu Jan 16 19:54:17 UTC 2025][INFO] [Action] E InsertSeparator - (r,49201,49203)
[Thu Jan 16 19:54:20 UTC 2025][INFO] [Action] E InsertSeparator - (r,49940,49942)
[Thu Jan 16 19:54:26 UTC 2025][INFO] [Action] E InsertSeparator - (r,50488,50490)
[Thu Jan 16 19:54:29 UTC 2025][INFO] [Action] E InsertSeparator - (r,51215,51217)
[Thu Jan 16 19:54:38 UTC 2025][INFO] [Action] E InsertSeparator - (r,51986,51988)
[Thu Jan 16 19:54:43 UTC 2025][INFO] [Action] E InsertSeparator - (r,53734,53736)
[Thu Jan 16 19:54:45 UTC 2025][INFO] [Action] E InsertSeparator - (r,54358,54360)
[Thu Jan 16 19:54:52 UTC 2025][INFO] [Action] E InsertSeparator - (r,55886,55888)
[Thu Jan 16 19:54:58 UTC 2025][INFO] [Action] E InsertSeparator - (r,56768,56770)
[Thu Jan 16 19:55:01 UTC 2025][INFO] [Action] E InsertSeparator - (r,57896,57898)
[Thu Jan 16 19:55:06 UTC 2025][INFO] [Action] E InsertSeparator - (r,58806,58808)
[Thu Jan 16 19:55:16 UTC 2025][INFO] [Action] E InsertSeparator - (r,62129,62131)
[Thu Jan 16 19:55:20 UTC 2025][INFO] [Action] E SaveBook - Save
[Thu Jan 16 19:55:22 UTC 2025][INFO] [Action] E InsertSeparator - (r,63418,63420)
[Thu Jan 16 19:55:26 UTC 2025][INFO] [Action] E InsertSeparator - (r,64742,64744)
[Thu Jan 16 19:55:29 UTC 2025][INFO] [Action] E InsertSeparator - (r,65391,65393)
[Thu Jan 16 19:55:36 UTC 2025][INFO] [Action] E InsertSeparator - (r,67393,67395)
[Thu Jan 16 19:55:40 UTC 2025][INFO] [Action] E InsertSeparator - (r,68416,68418)
[Thu Jan 16 19:55:44 UTC 2025][INFO] [Action] E InsertSeparator - (r,69461,69463)
[Thu Jan 16 19:55:48 UTC 2025][INFO] [Action] E InsertSeparator - (r,70277,70279)
[Thu Jan 16 19:55:51 UTC 2025][INFO] [Action] E InsertSeparator - (r,71386,71388)
[Thu Jan 16 19:56:01 UTC 2025][INFO] [Action] E InsertSeparator - (r,72571,72573)
[Thu Jan 16 19:56:09 UTC 2025][INFO] [Action] E InsertSeparator - (r,73984,73986)
[Thu Jan 16 19:56:11 UTC 2025][INFO] [Action] E InsertSeparator - (r,74381,74383)
[Thu Jan 16 19:56:14 UTC 2025][INFO] [Action] E InsertSeparator - (r,75848,75850)
[Thu Jan 16 19:56:17 UTC 2025][INFO] [Action] E InsertSeparator - (r,76427,76429)
[Thu Jan 16 19:56:20 UTC 2025][INFO] [Action] E InsertSeparator - (r,77148,77150)
[Thu Jan 16 19:56:23 UTC 2025][INFO] [Action] E InsertSeparator - (r,77998,78000)
[Thu Jan 16 19:56:25 UTC 2025][INFO] [Action] E InsertSeparator - (r,78534,78536)
[Thu Jan 16 19:56:31 UTC 2025][INFO] [Action] E InsertSeparator - (r,80919,80921)
[Thu Jan 16 19:56:34 UTC 2025][INFO] [Action] E InsertSeparator - (r,81990,81992)
[Thu Jan 16 19:56:36 UTC 2025][INFO] [Action] E InsertSeparator - (r,82818,82820)
[Thu Jan 16 19:56:39 UTC 2025][INFO] [Action] E InsertSeparator - (r,83518,83520)
[Thu Jan 16 19:56:45 UTC 2025][INFO] [Action] E InsertSeparator - (r,84603,84605)
[Thu Jan 16 19:56:47 UTC 2025][INFO] [Action] E InsertSeparator - (r,85676,85678)
[Thu Jan 16 19:56:51 UTC 2025][INFO] [Action] E InsertSeparator - (r,86376,86378)
[Thu Jan 16 19:56:56 UTC 2025][INFO] [Action] E InsertSeparator - (r,88842,88844)
[Thu Jan 16 19:57:00 UTC 2025][INFO] [Action] E InsertSeparator - (r,90428,90430)
[Thu Jan 16 19:57:05 UTC 2025][INFO] [Action] E InsertSeparator - (r,92029,92031)
[Thu Jan 16 19:57:08 UTC 2025][INFO] [Action] E InsertSeparator - (r,92967,92969)
[Thu Jan 16 19:57:15 UTC 2025][INFO] [Action] E ItemChanged - -1,1
[Thu Jan 16 19:57:17 UTC 2025][INFO] [Action] E SaveBook - Save
[Thu Jan 16 19:58:53 UTC 2025][INFO] [Action] E ItemChanged - -1,34
[Thu Jan 16 19:58:54 UTC 2025][INFO] [Action] E ItemChanged - -1,1
[Thu Jan 16 19:58:56 UTC 2025][INFO] [Action] E SaveBook - Save
[Thu Jan 16 19:59:00 UTC 2025][INFO] [Action] E SaveBook - SaveforExport
[Thu Jan 16 19:59:18 UTC 2025][INFO] [Action] EE ExportAction
[Thu Jan 16 20:27:25 UTC 2025][INFO] [Action] E PreviewBook - 1
[Thu Jan 16 20:46:01 UTC 2025][INFO] [Action] E SaveBook - Save
[Thu Jan 16 20:46:01 UTC 2025][INFO] Logger Terminated
[Tue Jan 21 02:05:47 UTC 2025][INFO] [Action] EE OpenBook
[Tue Jan 21 02:05:50 UTC 2025][INFO] [Action] E ItemChanged - -1,34
[Tue Jan 21 02:05:51 UTC 2025][INFO] [Action] E ItemChanged - -1,394
[Tue Jan 21 02:05:52 UTC 2025][INFO] [Action] E ItemChanged - -1,94681
[Tue Jan 21 02:06:03 UTC 2025][INFO] [Action] E Copy - (r,94698,94886)
[Tue Jan 21 02:06:05 UTC 2025][INFO] [Action] E InsertTextContent - (c,94886,2),[SPACE]
[Tue Jan 21 02:06:06 UTC 2025][INFO] [Action] E InsertTextContent - (c,94887,2),[s]
[Tue Jan 21 02:06:06 UTC 2025][INFO] [Action] E InsertTextContent - (c,94888,2),[s]
[Tue Jan 21 02:06:06 UTC 2025][INFO] [Action] E InsertTextContent - (c,94889,2),[s]
[Tue Jan 21 02:06:06 UTC 2025][INFO] [Action] U InsertTextContent
[Tue Jan 21 02:06:06 UTC 2025][INFO] [Action] U InsertTextContent
[Tue Jan 21 02:06:06 UTC 2025][INFO] [Action] U InsertTextContent
[Tue Jan 21 02:06:06 UTC 2025][INFO] [Action] U InsertTextContent
[Tue Jan 21 02:07:03 UTC 2025][INFO] [Action] E InsertTextContent - (c,94763,2),[SPACE]
[Tue Jan 21 02:07:03 UTC 2025][INFO] [Action] E InsertTextContent - (c,94764,2),[w]
[Tue Jan 21 02:07:03 UTC 2025][INFO] [Action] E InsertTextContent - (c,94765,2),[i]
[Tue Jan 21 02:07:03 UTC 2025][INFO] [Action] E InsertTextContent - (c,94766,2),[t]
[Tue Jan 21 02:07:03 UTC 2025][INFO] [Action] E InsertTextContent - (c,94767,2),[h]
[Tue Jan 21 02:07:03 UTC 2025][INFO] [Action] E InsertTextContent - (c,94768,2),[SPACE]
[Tue Jan 21 02:07:03 UTC 2025][INFO] [Action] E InsertTextContent - (c,94769,2),[h]
[Tue Jan 21 02:07:03 UTC 2025][INFO] [Action] E InsertTextContent - (c,94770,2),[i]
[Tue Jan 21 02:07:03 UTC 2025][INFO] [Action] E InsertTextContent - (c,94771,2),[s]
[Tue Jan 21 02:07:04 UTC 2025][INFO] [Action] E InsertTextContent - (c,94772,2),[SPACE]
[Tue Jan 21 02:07:04 UTC 2025][INFO] [Action] E InsertTextContent - (c,94773,2),[w]
[Tue Jan 21 02:07:04 UTC 2025][INFO] [Action] E InsertTextContent - (c,94774,2),[i]
[Tue Jan 21 02:07:04 UTC 2025][INFO] [Action] E InsertTextContent - (c,94775,2),[f]
[Tue Jan 21 02:07:04 UTC 2025][INFO] [Action] E InsertTextContent - (c,94776,2),[e]
[Tue Jan 21 02:07:04 UTC 2025][INFO] [Action] E InsertTextContent - (c,94777,2),[SPACE]
[Tue Jan 21 02:07:04 UTC 2025][INFO] [Action] E InsertTextContent - (c,94778,2),[a]
[Tue Jan 21 02:07:05 UTC 2025][INFO] [Action] E InsertTextContent - (c,94779,2),[n]
[Tue Jan 21 02:07:05 UTC 2025][INFO] [Action] E InsertTextContent - (c,94780,2),[d]
[Tue Jan 21 02:07:05 UTC 2025][INFO] [Action] E InsertTextContent - (c,94781,2),[SPACE]
[Tue Jan 21 02:07:05 UTC 2025][INFO] [Action] E InsertTextContent - (c,94782,2),[s]
[Tue Jan 21 02:07:05 UTC 2025][INFO] [Action] E InsertTextContent - (c,94783,2),[o]
[Tue Jan 21 02:07:05 UTC 2025][INFO] [Action] E InsertTextContent - (c,94784,2),[n]
[Tue Jan 21 02:07:06 UTC 2025][INFO] [Action] E InsertTextContent - (c,94785,2),[.]
[Tue Jan 21 02:07:09 UTC 2025][INFO] [Action] E DeleteContent - (r,94787,94795),B
[Tue Jan 21 02:07:10 UTC 2025][INFO] [Action] E InsertTextContent - (c,94786,2),[SPACE]
[Tue Jan 21 02:07:10 UTC 2025][INFO] [Action] E InsertTextContent - (c,94787,2),[H]
[Tue Jan 21 02:08:04 UTC 2025][INFO] [Action] E InsertTextContent - (r,94788,94789),[I]
[Tue Jan 21 02:08:04 UTC 2025][INFO] [Action] E InsertTextContent - (c,94788,2),[n]
[Tue Jan 21 02:08:05 UTC 2025][INFO] [Action] E InsertTextContent - (c,94789,2),[SPACE]
[Tue Jan 21 02:08:05 UTC 2025][INFO] [Action] E InsertTextContent - (c,94790,2),[h]
[Tue Jan 21 02:08:05 UTC 2025][INFO] [Action] E InsertTextContent - (c,94791,2),[i]
[Tue Jan 21 02:08:05 UTC 2025][INFO] [Action] E InsertTextContent - (c,94792,2),[s]
[Tue Jan 21 02:08:05 UTC 2025][INFO] [Action] E InsertTextContent - (c,94793,2),[SPACE]
[Tue Jan 21 02:08:05 UTC 2025][INFO] [Action] E InsertTextContent - (c,94794,2),[w]
[Tue Jan 21 02:08:05 UTC 2025][INFO] [Action] E InsertTextContent - (c,94795,2),[o]
[Tue Jan 21 02:08:05 UTC 2025][INFO] [Action] E InsertTextContent - (c,94796,2),[r]
[Tue Jan 21 02:08:05 UTC 2025][INFO] [Action] E InsertTextContent - (c,94797,2),[k]
[Tue Jan 21 02:08:06 UTC 2025][INFO] [Action] E InsertTextContent - (c,94798,2),[,]
[Tue Jan 21 02:08:06 UTC 2025][INFO] [Action] E InsertTextContent - (c,94799,2),[SPACE]
[Tue Jan 21 02:08:06 UTC 2025][INFO] [Action] E InsertTextContent - (c,94800,2),[h]
[Tue Jan 21 02:08:06 UTC 2025][INFO] [Action] E InsertTextContent - (c,94801,2),[e]
[Tue Jan 21 02:08:33 UTC 2025][INFO] [Action] E ItemChanged - -1,394
[Tue Jan 21 02:08:57 UTC 2025][INFO] [Action] E Copy - (r,406,1253)
[Tue Jan 21 02:11:01 UTC 2025][INFO] [Action] E Paste - (r,524,555),152
[Tue Jan 21 02:11:11 UTC 2025][INFO] [Action] U Paste
[Tue Jan 21 02:11:21 UTC 2025][INFO] [Action] E DeleteContent - (r,524,555),B
[Tue Jan 21 02:11:22 UTC 2025][INFO] [Action] E InsertTextContent - (c,523,2),[SPACE]
[Tue Jan 21 02:11:23 UTC 2025][INFO] [Action] E Paste - (c,524,2),225
[Tue Jan 21 02:11:48 UTC 2025][INFO] [Action] E InsertTextContent - (c,747,2),[SPACE]
[Tue Jan 21 02:11:48 UTC 2025][INFO] [Action] E InsertTextContent - (c,748,2),[t]
[Tue Jan 21 02:11:49 UTC 2025][INFO] [Action] E InsertTextContent - (c,749,2),[o]
[Tue Jan 21 02:11:49 UTC 2025][INFO] [Action] E InsertTextContent - (c,750,2),[d]
[Tue Jan 21 02:11:49 UTC 2025][INFO] [Action] E InsertTextContent - (c,751,2),[a]
[Tue Jan 21 02:11:49 UTC 2025][INFO] [Action] E InsertTextContent - (c,752,2),[y]
[Tue Jan 21 02:12:27 UTC 2025][INFO] [Action] E DeleteContent - (r,606,617),B
[Tue Jan 21 02:12:27 UTC 2025][INFO] [Action] E DeleteContent - (c,605,2),B
[Tue Jan 21 02:12:40 UTC 2025][INFO] [Action] E InsertTextContent - (c,701,1),[a]
[Tue Jan 21 02:12:40 UTC 2025][INFO] [Action] E InsertTextContent - (c,701,2),[l]
[Tue Jan 21 02:12:40 UTC 2025][INFO] [Action] E InsertTextContent - (c,702,2),[r]
[Tue Jan 21 02:12:40 UTC 2025][INFO] [Action] E InsertTextContent - (c,703,2),[e]
[Tue Jan 21 02:12:41 UTC 2025][INFO] [Action] E InsertTextContent - (c,704,2),[a]
[Tue Jan 21 02:12:41 UTC 2025][INFO] [Action] E InsertTextContent - (c,705,2),[d]
[Tue Jan 21 02:12:41 UTC 2025][INFO] [Action] E InsertTextContent - (c,706,2),[y]
[Tue Jan 21 02:12:41 UTC 2025][INFO] [Action] E InsertTextContent - (c,707,2),[SPACE]
[Tue Jan 21 02:12:53 UTC 2025][INFO] [Action] E Copy - (r,406,923)
[Tue Jan 21 02:13:52 UTC 2025][INFO] [Action] E InsertTextContent - (r,629,641),[u]
[Tue Jan 21 02:13:52 UTC 2025][INFO] [Action] E InsertTextContent - (c,629,2),[n]
[Tue Jan 21 02:13:52 UTC 2025][INFO] [Action] E InsertTextContent - (c,630,2),[l]
[Tue Jan 21 02:13:52 UTC 2025][INFO] [Action] E InsertTextContent - (c,631,2),[i]
[Tue Jan 21 02:13:53 UTC 2025][INFO] [Action] E InsertTextContent - (c,632,2),[k]
[Tue Jan 21 02:13:53 UTC 2025][INFO] [Action] E InsertTextContent - (c,633,2),[e]
[Tue Jan 21 02:14:08 UTC 2025][INFO] [Action] E DeleteContent - (r,737,742),B
[Tue Jan 21 02:14:09 UTC 2025][INFO] [Action] U DeleteContent
[Tue Jan 21 02:14:11 UTC 2025][INFO] [Action] E DeleteContent - (c,741,2),B
[Tue Jan 21 02:14:12 UTC 2025][INFO] [Action] E DeleteContent - (c,741,1),B
[Tue Jan 21 02:14:12 UTC 2025][INFO] [Action] E DeleteContent - (c,740,1),B
[Tue Jan 21 02:14:12 UTC 2025][INFO] [Action] E DeleteContent - (c,739,1),B
[Tue Jan 21 02:14:12 UTC 2025][INFO] [Action] E DeleteContent - (c,738,1),B
[Tue Jan 21 02:14:13 UTC 2025][INFO] [Action] E DeleteContent - (c,737,1),B
[Tue Jan 21 02:14:37 UTC 2025][INFO] [Action] E SaveBook - Save
[Tue Jan 21 02:14:42 UTC 2025][INFO] [Action] E ItemChanged - -1,394
[Tue Jan 21 02:15:06 UTC 2025][INFO] [Action] E ItemChanged - -1,10197
[Tue Jan 21 02:15:20 UTC 2025][INFO] [Action] E InsertTextContent - (r,10874,10880),[a]
[Tue Jan 21 02:15:28 UTC 2025][INFO] [Action] E DeleteContent - (r,10895,10926),B
[Tue Jan 21 02:15:29 UTC 2025][INFO] [Action] E DeleteContent - (c,10894,2),B
[Tue Jan 21 02:15:45 UTC 2025][INFO] [Action] E ItemChanged - -1,15973
[Tue Jan 21 02:16:00 UTC 2025][INFO] [Action] E DeleteContent - (r,18887,19340),B
[Tue Jan 21 02:16:06 UTC 2025][INFO] [Action] E DeleteContent - (r,18887,19166),B
[Tue Jan 21 02:16:40 UTC 2025][INFO] [Action] E InsertTextContent - (r,20305,20307),[s]
[Tue Jan 21 02:16:40 UTC 2025][INFO] [Action] E InsertTextContent - (c,20305,2),[u]
[Tue Jan 21 02:16:41 UTC 2025][INFO] [Action] E InsertTextContent - (c,20306,2),[r]
[Tue Jan 21 02:16:42 UTC 2025][INFO] [Action] E InsertTextContent - (c,20307,2),[p]
[Tue Jan 21 02:16:42 UTC 2025][INFO] [Action] E InsertTextContent - (c,20308,2),[r]
[Tue Jan 21 02:16:43 UTC 2025][INFO] [Action] E InsertTextContent - (c,20309,2),[i]
[Tue Jan 21 02:16:43 UTC 2025][INFO] [Action] E InsertTextContent - (c,20310,2),[s]
[Tue Jan 21 02:16:44 UTC 2025][INFO] [Action] E InsertTextContent - (c,20311,2),[e]
[Tue Jan 21 02:16:44 UTC 2025][INFO] [Action] E InsertTextContent - (c,20312,2),[d]
[Tue Jan 21 02:16:46 UTC 2025][INFO] [Action] E InsertTextContent - (r,20319,20324),[m]
[Tue Jan 21 02:16:47 UTC 2025][INFO] [Action] E InsertTextContent - (c,20319,2),[i]
[Tue Jan 21 02:16:47 UTC 2025][INFO] [Action] E InsertTextContent - (c,20320,2),[o]
[Tue Jan 21 02:16:47 UTC 2025][INFO] [Action] E DeleteContent - (c,20321,2),B
[Tue Jan 21 02:16:48 UTC 2025][INFO] [Action] E DeleteContent - (c,20321,1),B
[Tue Jan 21 02:16:48 UTC 2025][INFO] [Action] E InsertTextContent - (c,20320,1),[p]
[Tue Jan 21 02:16:49 UTC 2025][INFO] [Action] E DeleteContent - (c,20320,2),B
[Tue Jan 21 02:16:49 UTC 2025][INFO] [Action] E InsertTextContent - (c,20320,1),[o]
[Tue Jan 21 02:16:49 UTC 2025][INFO] [Action] E InsertTextContent - (c,20320,2),[r]
[Tue Jan 21 02:16:49 UTC 2025][INFO] [Action] E InsertTextContent - (c,20321,2),[e]
[Tue Jan 21 02:17:38 UTC 2025][INFO] [Action] E Copy - (r,22248,22431)
[Tue Jan 21 02:19:10 UTC 2025][INFO] [Action] E Paste - (r,22369,22389),49
[Tue Jan 21 02:19:21 UTC 2025][INFO] [Action] E Paste - (r,22420,22459),59
[Tue Jan 21 02:19:41 UTC 2025][INFO] [Action] E SaveBook - Save
[Tue Jan 21 02:19:50 UTC 2025][INFO] [Action] E Copy - (r,24081,24280)
[Tue Jan 21 02:20:50 UTC 2025][INFO] [Action] E Paste - (r,24137,24280),157
[Tue Jan 21 02:21:00 UTC 2025][INFO] [Action] E DeleteContent - (c,24289,2),B
[Tue Jan 21 02:22:13 UTC 2025][INFO] [Action] E InsertTextContent - (r,27499,27548),[P]
[Tue Jan 21 02:22:14 UTC 2025][INFO] [Action] E InsertTextContent - (c,27499,2),[r]
[Tue Jan 21 02:22:14 UTC 2025][INFO] [Action] E InsertTextContent - (c,27500,2),[o]
[Tue Jan 21 02:22:14 UTC 2025][INFO] [Action] E InsertTextContent - (c,27501,2),[g]
[Tue Jan 21 02:22:14 UTC 2025][INFO] [Action] E InsertTextContent - (c,27502,2),[r]
[Tue Jan 21 02:22:14 UTC 2025][INFO] [Action] E InsertTextContent - (c,27503,2),[e]
[Tue Jan 21 02:22:15 UTC 2025][INFO] [Action] E InsertTextContent - (c,27504,2),[s]
[Tue Jan 21 02:22:15 UTC 2025][INFO] [Action] E InsertTextContent - (c,27505,2),[s]
[Tue Jan 21 02:22:15 UTC 2025][INFO] [Action] E InsertTextContent - (c,27506,2),[i]
[Tue Jan 21 02:22:15 UTC 2025][INFO] [Action] E InsertTextContent - (c,27507,2),[v]
[Tue Jan 21 02:22:15 UTC 2025][INFO] [Action] E InsertTextContent - (c,27508,2),[e]
[Tue Jan 21 02:22:28 UTC 2025][INFO] [Action] E ItemChanged - -1,28228
[Tue Jan 21 02:23:12 UTC 2025][INFO] [Action] E DeleteContent - (r,32677,32713),B
[Tue Jan 21 02:23:36 UTC 2025][INFO] [Action] E DeleteContent - (r,36435,36740),B
[Tue Jan 21 02:23:58 UTC 2025][INFO] [Action] E Copy - (r,37119,37312)
[Tue Jan 21 02:25:02 UTC 2025][INFO] [Action] E Copy - (r,37119,37312)
[Tue Jan 21 02:28:10 UTC 2025][INFO] [Action] E Paste - (r,37119,37312),290
[Tue Jan 21 02:28:15 UTC 2025][INFO] [Action] E InsertTextContent - (r,37423,37425),[Z]
[Tue Jan 21 02:28:15 UTC 2025][INFO] [Action] E InsertTextContent - (c,37423,2),[o]
[Tue Jan 21 02:28:16 UTC 2025][INFO] [Action] E InsertTextContent - (c,37424,2),[e]
[Tue Jan 21 02:28:19 UTC 2025][INFO] [Action] E InsertTextContent - (r,37505,37507),[Z]
[Tue Jan 21 02:28:20 UTC 2025][INFO] [Action] E InsertTextContent - (c,37505,2),[o]
[Tue Jan 21 02:28:20 UTC 2025][INFO] [Action] E InsertTextContent - (c,37506,2),[e]
[Tue Jan 21 02:28:24 UTC 2025][INFO] [Action] E InsertTextContent - (r,37737,37739),[Z]
[Tue Jan 21 02:28:24 UTC 2025][INFO] [Action] E InsertTextContent - (c,37737,2),[o]
[Tue Jan 21 02:28:25 UTC 2025][INFO] [Action] E InsertTextContent - (c,37738,2),[e]
[Tue Jan 21 02:28:36 UTC 2025][INFO] [Action] E Copy - (r,37737,37806)
[Tue Jan 21 02:29:24 UTC 2025][INFO] [Action] E InsertTextContent - (r,37794,37800),[b]
[Tue Jan 21 02:29:24 UTC 2025][INFO] [Action] E InsertTextContent - (c,37794,2),[o]
[Tue Jan 21 02:29:24 UTC 2025][INFO] [Action] E InsertTextContent - (c,37795,2),[n]
[Tue Jan 21 02:29:25 UTC 2025][INFO] [Action] E InsertTextContent - (c,37796,2),[d]
[Tue Jan 21 02:29:25 UTC 2025][INFO] [Action] E InsertTextContent - (c,37797,2),[e]
[Tue Jan 21 02:29:25 UTC 2025][INFO] [Action] E InsertTextContent - (c,37798,2),[d]
[Tue Jan 21 02:29:35 UTC 2025][INFO] [Action] E SaveBook - Save
[Tue Jan 21 02:29:38 UTC 2025][INFO] [Action] E InsertTextContent - (r,38162,38164),[Z]
[Tue Jan 21 02:29:38 UTC 2025][INFO] [Action] E InsertTextContent - (c,38162,2),[o]
[Tue Jan 21 02:29:38 UTC 2025][INFO] [Action] E InsertTextContent - (c,38163,2),[e]
[Tue Jan 21 02:29:43 UTC 2025][INFO] [Action] E DeleteContent - (c,38255,2),B
[Tue Jan 21 02:29:43 UTC 2025][INFO] [Action] E DeleteContent - (c,38255,1),B
[Tue Jan 21 02:29:43 UTC 2025][INFO] [Action] E DeleteContent - (c,38254,1),B
[Tue Jan 21 02:29:43 UTC 2025][INFO] [Action] E InsertTextContent - (c,38253,1),[Z]
[Tue Jan 21 02:29:44 UTC 2025][INFO] [Action] E InsertTextContent - (c,38253,2),[o]
[Tue Jan 21 02:29:44 UTC 2025][INFO] [Action] E InsertTextContent - (c,38254,2),[e]
[Tue Jan 21 02:29:54 UTC 2025][INFO] [Action] E DeleteContent - (r,38375,38634),B
[Tue Jan 21 02:29:54 UTC 2025][INFO] [Action] E MergeContainer - 38375,1
[Tue Jan 21 02:30:04 UTC 2025][INFO] [Action] E ItemChanged - -1,38376
[Tue Jan 21 02:30:33 UTC 2025][INFO] [Action] E InsertTextContent - (c,44574,1),[T]
[Tue Jan 21 02:30:34 UTC 2025][INFO] [Action] E InsertTextContent - (c,44574,2),[h]
[Tue Jan 21 02:30:34 UTC 2025][INFO] [Action] E InsertTextContent - (c,44575,2),[e]
[Tue Jan 21 02:30:34 UTC 2025][INFO] [Action] E InsertTextContent - (c,44576,2),[SPACE]
[Tue Jan 21 02:30:35 UTC 2025][INFO] [Action] E InsertTextContent - (c,44577,2),[a]
[Tue Jan 21 02:30:35 UTC 2025][INFO] [Action] E InsertTextContent - (c,44578,2),[u]
[Tue Jan 21 02:30:36 UTC 2025][INFO] [Action] E InsertTextContent - (c,44579,2),[r]
[Tue Jan 21 02:30:36 UTC 2025][INFO] [Action] E InsertTextContent - (c,44580,2),[o]
[Tue Jan 21 02:30:37 UTC 2025][INFO] [Action] E InsertTextContent - (c,44581,2),[r]
[Tue Jan 21 02:30:37 UTC 2025][INFO] [Action] E InsertTextContent - (c,44582,2),[a]
[Tue Jan 21 02:30:37 UTC 2025][INFO] [Action] E InsertTextContent - (c,44583,2),[s]
[Tue Jan 21 02:30:38 UTC 2025][INFO] [Action] E InsertTextContent - (c,44584,2),[SPACE]
[Tue Jan 21 02:30:38 UTC 2025][INFO] [Action] E InsertTextContent - (c,44585,2),[o]
[Tue Jan 21 02:30:38 UTC 2025][INFO] [Action] E InsertTextContent - (c,44586,2),[u]
[Tue Jan 21 02:30:38 UTC 2025][INFO] [Action] E InsertTextContent - (c,44587,2),[t]
[Tue Jan 21 02:30:39 UTC 2025][INFO] [Action] E InsertTextContent - (c,44588,2),[s]
[Tue Jan 21 02:30:39 UTC 2025][INFO] [Action] E InsertTextContent - (c,44589,2),[i]
[Tue Jan 21 02:30:39 UTC 2025][INFO] [Action] E InsertTextContent - (c,44590,2),[d]
[Tue Jan 21 02:30:39 UTC 2025][INFO] [Action] E InsertTextContent - (c,44591,2),[e]
[Tue Jan 21 02:30:40 UTC 2025][INFO] [Action] E InsertTextContent - (c,44592,2),[SPACE]
[Tue Jan 21 02:30:51 UTC 2025][INFO] [Action] E DeleteContent - (r,44554,44573),B
[Tue Jan 21 02:31:00 UTC 2025][INFO] [Action] E ItemChanged - -1,44900
[Tue Jan 21 02:31:21 UTC 2025][INFO] [Action] E Copy - (r,46921,47014)
[Tue Jan 21 02:32:00 UTC 2025][INFO] [Action] E Paste - (r,46973,47014),48
[Tue Jan 21 02:32:15 UTC 2025][INFO] [Action] E ItemChanged - -1,58337
[Tue Jan 21 02:32:18 UTC 2025][INFO] [Action] E DeleteContent - (r,58493,58496),B
[Tue Jan 21 02:32:19 UTC 2025][INFO] [Action] E DeleteContent - (c,58492,2),B
[Tue Jan 21 02:32:44 UTC 2025][INFO] [Action] E InsertTextContent - (r,61455,61460),[C]
[Tue Jan 21 02:32:57 UTC 2025][INFO] [Action] E ItemChanged - -1,65089
[Tue Jan 21 02:33:14 UTC 2025][INFO] [Action] E DeleteContent - (r,66371,66520),B
[Tue Jan 21 02:33:24 UTC 2025][INFO] [Action] E ItemChanged - -1,71846
[Tue Jan 21 02:33:46 UTC 2025][INFO] [Action] E UpdateStyle - (r,71939,72010),12:382:3,(r,71939,72010),F
[Tue Jan 21 02:33:52 UTC 2025][INFO] [Action] E UpdateStyle - (r,72334,72391),12:382:3,(r,72334,72391),F
[Tue Jan 21 02:34:16 UTC 2025][INFO] [Action] E DeleteContent - (r,72713,72743),B
[Tue Jan 21 02:34:17 UTC 2025][INFO] [Action] E DeleteContent - (c,72712,2),B
[Tue Jan 21 02:34:17 UTC 2025][INFO] [Action] E DeleteContent - (c,72711,2),B
[Tue Jan 21 02:34:17 UTC 2025][INFO] [Action] E DeleteContent - (c,72710,2),B
[Tue Jan 21 02:34:17 UTC 2025][INFO] [Action] E DeleteContent - (c,72709,2),B
[Tue Jan 21 02:34:17 UTC 2025][INFO] [Action] E DeleteContent - (c,72708,2),B
[Tue Jan 21 02:34:18 UTC 2025][INFO] [Action] E DeleteContent - (c,72707,2),B
[Tue Jan 21 02:34:18 UTC 2025][INFO] [Action] E DeleteContent - (c,72706,2),B
[Tue Jan 21 02:34:18 UTC 2025][INFO] [Action] E DeleteContent - (c,72705,2),B
[Tue Jan 21 02:34:18 UTC 2025][INFO] [Action] E DeleteContent - (c,72704,2),B
[Tue Jan 21 02:34:19 UTC 2025][INFO] [Action] E DeleteContent - (c,72703,2),B
[Tue Jan 21 02:34:20 UTC 2025][INFO] [Action] E MergeContainer - 72703,1
[Tue Jan 21 02:34:40 UTC 2025][INFO] [Action] E ItemChanged - -1,85704
[Tue Jan 21 02:34:48 UTC 2025][INFO] [Action] E DeleteContent - (c,85903,2),B
[Tue Jan 21 02:34:49 UTC 2025][INFO] [Action] E DeleteContent - (c,85903,1),B
[Tue Jan 21 02:34:49 UTC 2025][INFO] [Action] E DeleteContent - (c,85902,1),B
[Tue Jan 21 02:34:49 UTC 2025][INFO] [Action] E DeleteContent - (c,85901,1),B
[Tue Jan 21 02:34:50 UTC 2025][INFO] [Action] E DeleteContent - (c,85900,1),B
[Tue Jan 21 02:34:51 UTC 2025][INFO] [Action] E InsertTextContent - (c,85899,1),[s]
[Tue Jan 21 02:34:51 UTC 2025][INFO] [Action] E InsertTextContent - (c,85899,2),[c]
[Tue Jan 21 02:34:52 UTC 2025][INFO] [Action] E InsertTextContent - (c,85900,2),[u]
[Tue Jan 21 02:34:52 UTC 2025][INFO] [Action] E InsertTextContent - (c,85901,2),[l]
[Tue Jan 21 02:34:53 UTC 2025][INFO] [Action] E InsertTextContent - (c,85902,2),[p]
[Tue Jan 21 02:34:53 UTC 2025][INFO] [Action] E InsertTextContent - (c,85903,2),[t]
[Tue Jan 21 02:34:54 UTC 2025][INFO] [Action] E InsertTextContent - (c,85904,2),[u]
[Tue Jan 21 02:34:54 UTC 2025][INFO] [Action] E InsertTextContent - (c,85905,2),[r]
[Tue Jan 21 02:34:55 UTC 2025][INFO] [Action] E InsertTextContent - (c,85906,2),[e]
[Tue Jan 21 02:35:07 UTC 2025][INFO] [Action] E DeleteContent - (r,87523,87564),B
[Tue Jan 21 02:35:30 UTC 2025][INFO] [Action] E DeleteContent - (r,87795,87822),B
[Tue Jan 21 02:35:38 UTC 2025][INFO] [Action] E InsertTextContent - (r,87779,87785),[p]
[Tue Jan 21 02:35:38 UTC 2025][INFO] [Action] E InsertTextContent - (c,87779,2),[r]
[Tue Jan 21 02:35:38 UTC 2025][INFO] [Action] E InsertTextContent - (c,87780,2),[e]
[Tue Jan 21 02:35:38 UTC 2025][INFO] [Action] E InsertTextContent - (c,87781,2),[f]
[Tue Jan 21 02:35:38 UTC 2025][INFO] [Action] E InsertTextContent - (c,87782,2),[e]
[Tue Jan 21 02:35:39 UTC 2025][INFO] [Action] E InsertTextContent - (c,87783,2),[r]
[Tue Jan 21 02:35:39 UTC 2025][INFO] [Action] E InsertTextContent - (c,87784,2),[r]
[Tue Jan 21 02:35:39 UTC 2025][INFO] [Action] E InsertTextContent - (c,87785,2),[e]
[Tue Jan 21 02:35:39 UTC 2025][INFO] [Action] E InsertTextContent - (c,87786,2),[d]
[Tue Jan 21 02:35:48 UTC 2025][INFO] [Action] E DeleteContent - (r,89063,89082),B
[Tue Jan 21 02:35:58 UTC 2025][INFO] [Action] E ItemChanged - -1,92242
[Tue Jan 21 02:36:02 UTC 2025][INFO] [Action] E ItemChanged - -1,93316
[Tue Jan 21 02:36:09 UTC 2025][INFO] [Action] E SaveBook - Save
[Tue Jan 21 02:36:14 UTC 2025][INFO] [Action] E ItemChanged - -1,1
[Tue Jan 21 02:37:49 UTC 2025][INFO] [Action] E SaveBook - SaveAs
[Tue Jan 21 02:38:38 UTC 2025][INFO] [Action] E SaveBook - SaveforExport
[Tue Jan 21 02:39:04 UTC 2025][INFO] [Action] EE ExportAction
[Tue Jan 21 02:40:07 UTC 2025][INFO] [Action] E SaveBook - SaveforExport
[Tue Jan 21 02:40:38 UTC 2025][INFO] [Action] EE ExportAction
[Wed Jan 22 19:33:36 UTC 2025][INFO] [Action] E SaveBook - Save
[Wed Jan 22 19:33:36 UTC 2025][INFO] Logger Terminated
